<?xml version="1.0" encoding="UTF-8"?>
<!-- Generated by org.testng.reporters.JUnitXMLReporter -->
<testsuite ignored="20" hostname="Enthrall_IT" failures="0" tests="1" name="Default test" time="10.847" errors="0" timestamp="2023-08-17T21:33:57 EDT">
  <testcase classname="pages.HomePageTest" name="role6_use_of_cssSelector_as_locator_in_login_button" time="0.079"/>
  <testcase classname="pages.HomePageTest" name="use_of_xpath_as_locator_in_new_user_registration_button" time="0.0">
    <ignored/>
  </testcase> <!-- use_of_xpath_as_locator_in_new_user_registration_button -->
  <testcase classname="pages.HomePageTest" name="role3_use_of_cssSelector_as_locator_in_logo" time="0.0">
    <ignored/>
  </testcase> <!-- role3_use_of_cssSelector_as_locator_in_logo -->
  <testcase classname="pages.HomePageTest" name="use_of_linkText_as_locator_in_forgot_user_id_hyperlink" time="0.0">
    <ignored/>
  </testcase> <!-- use_of_linkText_as_locator_in_forgot_user_id_hyperlink -->
  <testcase classname="pages.HomePageTest" name="clickNURTest" time="0.0">
    <ignored/>
  </testcase> <!-- clickNURTest -->
  <testcase classname="pages.HomePageTest" name="role1_use_of_cssSelector_as_locator_in_new_user_registration_button" time="0.0">
    <ignored/>
  </testcase> <!-- role1_use_of_cssSelector_as_locator_in_new_user_registration_button -->
  <testcase classname="pages.HomePageTest" name="role2_use_of_cssSelector_as_locator_in_login_button" time="0.0">
    <ignored/>
  </testcase> <!-- role2_use_of_cssSelector_as_locator_in_login_button -->
  <testcase classname="pages.HomePageTest" name="role5_use_of_cssSelector_as_locator_in_login_button" time="0.0">
    <ignored/>
  </testcase> <!-- role5_use_of_cssSelector_as_locator_in_login_button -->
  <testcase classname="pages.HomePageTest" name="nullPointerExceptionTest" time="0.0">
    <ignored/>
  </testcase> <!-- nullPointerExceptionTest -->
  <testcase classname="pages.HomePageTest" name="use_of_partialLinkText_as_locator_in_forgot_password_hyperlink" time="0.0">
    <ignored/>
  </testcase> <!-- use_of_partialLinkText_as_locator_in_forgot_password_hyperlink -->
  <testcase classname="pages.HomePageTest" name="clickUserIdTest" time="0.0">
    <ignored/>
  </testcase> <!-- clickUserIdTest -->
  <testcase classname="pages.HomePageTest" name="why_we_use_cssSelector_as_locator_in_logo" time="0.0">
    <ignored/>
  </testcase> <!-- why_we_use_cssSelector_as_locator_in_logo -->
  <testcase classname="pages.HomePageTest" name="inputTextInUserIdAndPasswordFieldThenClickLoginButtonTest" time="0.0">
    <ignored/>
  </testcase> <!-- inputTextInUserIdAndPasswordFieldThenClickLoginButtonTest -->
  <testcase classname="pages.HomePageTest" name="forgotUserIdTest" time="0.0">
    <ignored/>
  </testcase> <!-- forgotUserIdTest -->
  <testcase classname="pages.HomePageTest" name="clickLogoTest" time="0.0">
    <ignored/>
  </testcase> <!-- clickLogoTest -->
  <testcase classname="pages.HomePageTest" name="role4_use_of_cssSelector_as_locator_in_login_button" time="0.0">
    <ignored/>
  </testcase> <!-- role4_use_of_cssSelector_as_locator_in_login_button -->
  <testcase classname="pages.HomePageTest" name="clickLoginButtonTest" time="0.0">
    <ignored/>
  </testcase> <!-- clickLoginButtonTest -->
  <testcase classname="pages.HomePageTest" name="inputTextInUserIdFieldTest" time="0.0">
    <ignored/>
  </testcase> <!-- inputTextInUserIdFieldTest -->
  <testcase classname="pages.HomePageTest" name="clickUnlockTest" time="0.0">
    <ignored/>
  </testcase> <!-- clickUnlockTest -->
  <testcase classname="pages.HomePageTest" name="clickPasswordTest" time="0.0">
    <ignored/>
  </testcase> <!-- clickPasswordTest -->
  <testcase classname="pages.HomePageTest" name="clickWrongNURTest" time="0.0">
    <ignored/>
  </testcase> <!-- clickWrongNURTest -->
</testsuite> <!-- Default test -->
