<?xml version="1.0" encoding="UTF-8"?>
<testng-results ignored="0" total="1" passed="1" failed="0" skipped="0">
  <reporter-output>
  </reporter-output>
  <suite started-at="2023-08-10T21:55:17 EDT" name="Default suite" finished-at="2023-08-10T21:55:32 EDT" duration-ms="14749">
    <groups>
    </groups>
    <test started-at="2023-08-10T21:55:17 EDT" name="Default test" finished-at="2023-08-10T21:55:32 EDT" duration-ms="14749">
      <class name="pages.HomePageTest">
        <test-method is-config="true" signature="setUp()[pri:0, instance:pages.HomePageTest@729d991e]" started-at="2023-08-10T21:55:17 EDT" name="setUp" finished-at="2023-08-10T21:55:26 EDT" duration-ms="8673" status="PASS">
          <reporter-output>
          </reporter-output>
        </test-method> <!-- setUp -->
        <test-method signature="clickLogoTest()[pri:0, instance:pages.HomePageTest@729d991e]" started-at="2023-08-10T21:55:26 EDT" name="clickLogoTest" finished-at="2023-08-10T21:55:32 EDT" duration-ms="5862" status="PASS">
          <reporter-output>
          </reporter-output>
        </test-method> <!-- clickLogoTest -->
        <test-method is-config="true" signature="tearUp()[pri:0, instance:pages.HomePageTest@729d991e]" started-at="2023-08-10T21:55:32 EDT" name="tearUp" finished-at="2023-08-10T21:55:32 EDT" duration-ms="182" status="PASS">
          <reporter-output>
          </reporter-output>
        </test-method> <!-- tearUp -->
      </class> <!-- pages.HomePageTest -->
    </test> <!-- Default test -->
  </suite> <!-- Default suite -->
</testng-results>
