<?xml version="1.0" encoding="UTF-8"?>
<testng-results ignored="20" total="21" passed="1" failed="0" skipped="0">
  <reporter-output>
  </reporter-output>
  <suite started-at="2023-08-17T21:33:47 EDT" name="Default suite" finished-at="2023-08-17T21:33:57 EDT" duration-ms="10847">
    <groups>
    </groups>
    <test started-at="2023-08-17T21:33:47 EDT" name="Default test" finished-at="2023-08-17T21:33:57 EDT" duration-ms="10847">
      <class name="pages.HomePageTest">
        <test-method is-config="true" signature="setUp()[pri:0, instance:pages.HomePageTest@1151e434]" started-at="2023-08-17T21:33:47 EDT" name="setUp" finished-at="2023-08-17T21:33:57 EDT" duration-ms="10554" status="PASS">
          <reporter-output>
          </reporter-output>
        </test-method> <!-- setUp -->
        <test-method signature="role6_use_of_cssSelector_as_locator_in_login_button()[pri:0, instance:pages.HomePageTest@1151e434]" started-at="2023-08-17T21:33:57 EDT" name="role6_use_of_cssSelector_as_locator_in_login_button" finished-at="2023-08-17T21:33:57 EDT" duration-ms="79" status="PASS">
          <reporter-output>
          </reporter-output>
        </test-method> <!-- role6_use_of_cssSelector_as_locator_in_login_button -->
        <test-method is-config="true" signature="tearUp()[pri:0, instance:pages.HomePageTest@1151e434]" started-at="2023-08-17T21:33:57 EDT" name="tearUp" finished-at="2023-08-17T21:33:57 EDT" duration-ms="182" status="PASS">
          <reporter-output>
          </reporter-output>
        </test-method> <!-- tearUp -->
      </class> <!-- pages.HomePageTest -->
    </test> <!-- Default test -->
  </suite> <!-- Default suite -->
</testng-results>
